2023-09-26 20:28:14,424 [Worker-1: Loading available Gradle versions] INFO  o.e.b.c.i.u.g.PublishedGradleVersions - Gradle version information cache is up-to-date. Trying to read.
2023-09-26 20:30:20,098 [Worker-3: Launching mavenrun-c70f7f23-e4ed-4254-80bf-1dd5c953ef81] INFO  o.eclipse.m2e.core.internal.Bundles - getClasspathEntries(Bundle=org.eclipse.m2e.maven.runtime_3.9.400.20230826-0755 [623])
2023-09-26 20:30:20,105 [Worker-3: Launching mavenrun-c70f7f23-e4ed-4254-80bf-1dd5c953ef81] INFO  o.eclipse.m2e.core.internal.Bundles - 	Entry: C:\Users\user\.p2\pool\plugins\org.eclipse.m2e.maven.runtime_3.9.400.20230826-0755
2023-09-26 20:30:20,106 [Worker-3: Launching mavenrun-c70f7f23-e4ed-4254-80bf-1dd5c953ef81] INFO  o.eclipse.m2e.core.internal.Bundles - 	Entry: C:\Users\user\.p2\pool\plugins\org.eclipse.m2e.maven.runtime_3.9.400.20230826-0755\jars\aether-connector-okhttp-0.17.8.jar
2023-09-26 20:30:20,108 [Worker-3: Launching mavenrun-c70f7f23-e4ed-4254-80bf-1dd5c953ef81] INFO  o.eclipse.m2e.core.internal.Bundles - 	Entry: C:\Users\user\.p2\pool\plugins\org.eclipse.m2e.maven.runtime_3.9.400.20230826-0755\jars\aopalliance-1.0.jar
2023-09-26 20:30:20,109 [Worker-3: Launching mavenrun-c70f7f23-e4ed-4254-80bf-1dd5c953ef81] INFO  o.eclipse.m2e.core.internal.Bundles - 	Entry: C:\Users\user\.p2\pool\plugins\org.eclipse.m2e.maven.runtime_3.9.400.20230826-0755\jars\commons-lang3-3.12.0.jar
2023-09-26 20:30:20,109 [Worker-3: Launching mavenrun-c70f7f23-e4ed-4254-80bf-1dd5c953ef81] INFO  o.eclipse.m2e.core.internal.Bundles - 	Entry: C:\Users\user\.p2\pool\plugins\org.eclipse.m2e.maven.runtime_3.9.400.20230826-0755\jars\guice-5.1.0.jar
2023-09-26 20:30:20,110 [Worker-3: Launching mavenrun-c70f7f23-e4ed-4254-80bf-1dd5c953ef81] INFO  o.eclipse.m2e.core.internal.Bundles - 	Entry: C:\Users\user\.p2\pool\plugins\org.eclipse.m2e.maven.runtime_3.9.400.20230826-0755\jars\jansi-2.4.0.jar
2023-09-26 20:30:20,111 [Worker-3: Launching mavenrun-c70f7f23-e4ed-4254-80bf-1dd5c953ef81] INFO  o.eclipse.m2e.core.internal.Bundles - 	Entry: C:\Users\user\.p2\pool\plugins\org.eclipse.m2e.maven.runtime_3.9.400.20230826-0755\jars\maven-artifact-3.9.4.jar
2023-09-26 20:30:20,112 [Worker-3: Launching mavenrun-c70f7f23-e4ed-4254-80bf-1dd5c953ef81] INFO  o.eclipse.m2e.core.internal.Bundles - 	Entry: C:\Users\user\.p2\pool\plugins\org.eclipse.m2e.maven.runtime_3.9.400.20230826-0755\jars\maven-builder-support-3.9.4.jar
2023-09-26 20:30:20,113 [Worker-3: Launching mavenrun-c70f7f23-e4ed-4254-80bf-1dd5c953ef81] INFO  o.eclipse.m2e.core.internal.Bundles - 	Entry: C:\Users\user\.p2\pool\plugins\org.eclipse.m2e.maven.runtime_3.9.400.20230826-0755\jars\maven-compat-3.9.4.jar
2023-09-26 20:30:20,114 [Worker-3: Launching mavenrun-c70f7f23-e4ed-4254-80bf-1dd5c953ef81] INFO  o.eclipse.m2e.core.internal.Bundles - 	Entry: C:\Users\user\.p2\pool\plugins\org.eclipse.m2e.maven.runtime_3.9.400.20230826-0755\jars\maven-core-3.9.4.jar
2023-09-26 20:30:20,115 [Worker-3: Launching mavenrun-c70f7f23-e4ed-4254-80bf-1dd5c953ef81] INFO  o.eclipse.m2e.core.internal.Bundles - 	Entry: C:\Users\user\.p2\pool\plugins\org.eclipse.m2e.maven.runtime_3.9.400.20230826-0755\jars\maven-embedder-3.9.4.jar
2023-09-26 20:30:20,116 [Worker-3: Launching mavenrun-c70f7f23-e4ed-4254-80bf-1dd5c953ef81] INFO  o.eclipse.m2e.core.internal.Bundles - 	Entry: C:\Users\user\.p2\pool\plugins\org.eclipse.m2e.maven.runtime_3.9.400.20230826-0755\jars\maven-model-3.9.4.jar
2023-09-26 20:30:20,117 [Worker-3: Launching mavenrun-c70f7f23-e4ed-4254-80bf-1dd5c953ef81] INFO  o.eclipse.m2e.core.internal.Bundles - 	Entry: C:\Users\user\.p2\pool\plugins\org.eclipse.m2e.maven.runtime_3.9.400.20230826-0755\jars\maven-model-builder-3.9.4.jar
2023-09-26 20:30:20,118 [Worker-3: Launching mavenrun-c70f7f23-e4ed-4254-80bf-1dd5c953ef81] INFO  o.eclipse.m2e.core.internal.Bundles - 	Entry: C:\Users\user\.p2\pool\plugins\org.eclipse.m2e.maven.runtime_3.9.400.20230826-0755\jars\maven-plugin-api-3.9.4.jar
2023-09-26 20:30:20,119 [Worker-3: Launching mavenrun-c70f7f23-e4ed-4254-80bf-1dd5c953ef81] INFO  o.eclipse.m2e.core.internal.Bundles - 	Entry: C:\Users\user\.p2\pool\plugins\org.eclipse.m2e.maven.runtime_3.9.400.20230826-0755\jars\maven-repository-metadata-3.9.4.jar
2023-09-26 20:30:20,120 [Worker-3: Launching mavenrun-c70f7f23-e4ed-4254-80bf-1dd5c953ef81] INFO  o.eclipse.m2e.core.internal.Bundles - 	Entry: C:\Users\user\.p2\pool\plugins\org.eclipse.m2e.maven.runtime_3.9.400.20230826-0755\jars\maven-resolver-api-1.9.14.jar
2023-09-26 20:30:20,121 [Worker-3: Launching mavenrun-c70f7f23-e4ed-4254-80bf-1dd5c953ef81] INFO  o.eclipse.m2e.core.internal.Bundles - 	Entry: C:\Users\user\.p2\pool\plugins\org.eclipse.m2e.maven.runtime_3.9.400.20230826-0755\jars\maven-resolver-connector-basic-1.9.14.jar
2023-09-26 20:30:20,122 [Worker-3: Launching mavenrun-c70f7f23-e4ed-4254-80bf-1dd5c953ef81] INFO  o.eclipse.m2e.core.internal.Bundles - 	Entry: C:\Users\user\.p2\pool\plugins\org.eclipse.m2e.maven.runtime_3.9.400.20230826-0755\jars\maven-resolver-impl-1.9.14.jar
2023-09-26 20:30:20,124 [Worker-3: Launching mavenrun-c70f7f23-e4ed-4254-80bf-1dd5c953ef81] INFO  o.eclipse.m2e.core.internal.Bundles - 	Entry: C:\Users\user\.p2\pool\plugins\org.eclipse.m2e.maven.runtime_3.9.400.20230826-0755\jars\maven-resolver-named-locks-1.9.14.jar
2023-09-26 20:30:20,125 [Worker-3: Launching mavenrun-c70f7f23-e4ed-4254-80bf-1dd5c953ef81] INFO  o.eclipse.m2e.core.internal.Bundles - 	Entry: C:\Users\user\.p2\pool\plugins\org.eclipse.m2e.maven.runtime_3.9.400.20230826-0755\jars\maven-resolver-provider-3.9.4.jar
2023-09-26 20:30:20,126 [Worker-3: Launching mavenrun-c70f7f23-e4ed-4254-80bf-1dd5c953ef81] INFO  o.eclipse.m2e.core.internal.Bundles - 	Entry: C:\Users\user\.p2\pool\plugins\org.eclipse.m2e.maven.runtime_3.9.400.20230826-0755\jars\maven-resolver-spi-1.9.14.jar
2023-09-26 20:30:20,127 [Worker-3: Launching mavenrun-c70f7f23-e4ed-4254-80bf-1dd5c953ef81] INFO  o.eclipse.m2e.core.internal.Bundles - 	Entry: C:\Users\user\.p2\pool\plugins\org.eclipse.m2e.maven.runtime_3.9.400.20230826-0755\jars\maven-resolver-transport-wagon-1.9.14.jar
2023-09-26 20:30:20,128 [Worker-3: Launching mavenrun-c70f7f23-e4ed-4254-80bf-1dd5c953ef81] INFO  o.eclipse.m2e.core.internal.Bundles - 	Entry: C:\Users\user\.p2\pool\plugins\org.eclipse.m2e.maven.runtime_3.9.400.20230826-0755\jars\maven-resolver-util-1.9.14.jar
2023-09-26 20:30:20,128 [Worker-3: Launching mavenrun-c70f7f23-e4ed-4254-80bf-1dd5c953ef81] INFO  o.eclipse.m2e.core.internal.Bundles - 	Entry: C:\Users\user\.p2\pool\plugins\org.eclipse.m2e.maven.runtime_3.9.400.20230826-0755\jars\maven-settings-3.9.4.jar
2023-09-26 20:30:20,129 [Worker-3: Launching mavenrun-c70f7f23-e4ed-4254-80bf-1dd5c953ef81] INFO  o.eclipse.m2e.core.internal.Bundles - 	Entry: C:\Users\user\.p2\pool\plugins\org.eclipse.m2e.maven.runtime_3.9.400.20230826-0755\jars\maven-settings-builder-3.9.4.jar
2023-09-26 20:30:20,129 [Worker-3: Launching mavenrun-c70f7f23-e4ed-4254-80bf-1dd5c953ef81] INFO  o.eclipse.m2e.core.internal.Bundles - 	Entry: C:\Users\user\.p2\pool\plugins\org.eclipse.m2e.maven.runtime_3.9.400.20230826-0755\jars\maven-shared-utils-3.3.4.jar
2023-09-26 20:30:20,130 [Worker-3: Launching mavenrun-c70f7f23-e4ed-4254-80bf-1dd5c953ef81] INFO  o.eclipse.m2e.core.internal.Bundles - 	Entry: C:\Users\user\.p2\pool\plugins\org.eclipse.m2e.maven.runtime_3.9.400.20230826-0755\jars\okhttp-3.14.1.jar
2023-09-26 20:30:20,130 [Worker-3: Launching mavenrun-c70f7f23-e4ed-4254-80bf-1dd5c953ef81] INFO  o.eclipse.m2e.core.internal.Bundles - 	Entry: C:\Users\user\.p2\pool\plugins\org.eclipse.m2e.maven.runtime_3.9.400.20230826-0755\jars\okio-1.17.3.jar
2023-09-26 20:30:20,131 [Worker-3: Launching mavenrun-c70f7f23-e4ed-4254-80bf-1dd5c953ef81] INFO  o.eclipse.m2e.core.internal.Bundles - 	Entry: C:\Users\user\.p2\pool\plugins\org.eclipse.m2e.maven.runtime_3.9.400.20230826-0755\jars\org.eclipse.sisu.inject-0.3.5.jar
2023-09-26 20:30:20,131 [Worker-3: Launching mavenrun-c70f7f23-e4ed-4254-80bf-1dd5c953ef81] INFO  o.eclipse.m2e.core.internal.Bundles - 	Entry: C:\Users\user\.p2\pool\plugins\org.eclipse.m2e.maven.runtime_3.9.400.20230826-0755\jars\org.eclipse.sisu.plexus-0.3.5.jar
2023-09-26 20:30:20,132 [Worker-3: Launching mavenrun-c70f7f23-e4ed-4254-80bf-1dd5c953ef81] INFO  o.eclipse.m2e.core.internal.Bundles - 	Entry: C:\Users\user\.p2\pool\plugins\org.eclipse.m2e.maven.runtime_3.9.400.20230826-0755\jars\plexus-build-api-0.0.7.jar
2023-09-26 20:30:20,133 [Worker-3: Launching mavenrun-c70f7f23-e4ed-4254-80bf-1dd5c953ef81] INFO  o.eclipse.m2e.core.internal.Bundles - 	Entry: C:\Users\user\.p2\pool\plugins\org.eclipse.m2e.maven.runtime_3.9.400.20230826-0755\jars\plexus-cipher-2.0.jar
2023-09-26 20:30:20,133 [Worker-3: Launching mavenrun-c70f7f23-e4ed-4254-80bf-1dd5c953ef81] INFO  o.eclipse.m2e.core.internal.Bundles - 	Entry: C:\Users\user\.p2\pool\plugins\org.eclipse.m2e.maven.runtime_3.9.400.20230826-0755\jars\plexus-classworlds-2.7.0.jar
2023-09-26 20:30:20,134 [Worker-3: Launching mavenrun-c70f7f23-e4ed-4254-80bf-1dd5c953ef81] INFO  o.eclipse.m2e.core.internal.Bundles - 	Entry: C:\Users\user\.p2\pool\plugins\org.eclipse.m2e.maven.runtime_3.9.400.20230826-0755\jars\plexus-component-annotations-2.1.0.jar
2023-09-26 20:30:20,135 [Worker-3: Launching mavenrun-c70f7f23-e4ed-4254-80bf-1dd5c953ef81] INFO  o.eclipse.m2e.core.internal.Bundles - 	Entry: C:\Users\user\.p2\pool\plugins\org.eclipse.m2e.maven.runtime_3.9.400.20230826-0755\jars\plexus-interpolation-1.26.jar
2023-09-26 20:30:20,136 [Worker-3: Launching mavenrun-c70f7f23-e4ed-4254-80bf-1dd5c953ef81] INFO  o.eclipse.m2e.core.internal.Bundles - 	Entry: C:\Users\user\.p2\pool\plugins\org.eclipse.m2e.maven.runtime_3.9.400.20230826-0755\jars\plexus-sec-dispatcher-2.0.jar
2023-09-26 20:30:20,137 [Worker-3: Launching mavenrun-c70f7f23-e4ed-4254-80bf-1dd5c953ef81] INFO  o.eclipse.m2e.core.internal.Bundles - 	Entry: C:\Users\user\.p2\pool\plugins\org.eclipse.m2e.maven.runtime_3.9.400.20230826-0755\jars\plexus-utils-3.5.1.jar
2023-09-26 20:30:20,138 [Worker-3: Launching mavenrun-c70f7f23-e4ed-4254-80bf-1dd5c953ef81] INFO  o.eclipse.m2e.core.internal.Bundles - 	Entry: C:\Users\user\.p2\pool\plugins\org.eclipse.m2e.maven.runtime_3.9.400.20230826-0755\jars\wagon-file-3.5.3.jar
2023-09-26 20:30:20,139 [Worker-3: Launching mavenrun-c70f7f23-e4ed-4254-80bf-1dd5c953ef81] INFO  o.eclipse.m2e.core.internal.Bundles - 	Entry: C:\Users\user\.p2\pool\plugins\org.eclipse.m2e.maven.runtime_3.9.400.20230826-0755\jars\wagon-provider-api-3.5.3.jar
2023-09-26 20:30:20,143 [Worker-3: Launching mavenrun-c70f7f23-e4ed-4254-80bf-1dd5c953ef81] INFO  o.eclipse.m2e.core.internal.Bundles - getClasspathEntries(Bundle=com.google.guava_32.1.2.jre [12])
2023-09-26 20:30:20,145 [Worker-3: Launching mavenrun-c70f7f23-e4ed-4254-80bf-1dd5c953ef81] INFO  o.eclipse.m2e.core.internal.Bundles - 	Entry: C:\Users\user\.p2\pool\plugins\com.google.guava_32.1.2.jre.jar
2023-09-26 20:30:20,146 [Worker-3: Launching mavenrun-c70f7f23-e4ed-4254-80bf-1dd5c953ef81] INFO  o.eclipse.m2e.core.internal.Bundles - getClasspathEntries(Bundle=slf4j.api_2.0.7 [984])
2023-09-26 20:30:20,147 [Worker-3: Launching mavenrun-c70f7f23-e4ed-4254-80bf-1dd5c953ef81] INFO  o.eclipse.m2e.core.internal.Bundles - 	Entry: C:\Users\user\.p2\pool\plugins\slf4j.api_2.0.7.jar
2023-09-26 20:30:20,148 [Worker-3: Launching mavenrun-c70f7f23-e4ed-4254-80bf-1dd5c953ef81] INFO  o.eclipse.m2e.core.internal.Bundles - getClasspathEntries(Bundle=javax.inject_1.0.0.v20220405-0441 [38])
2023-09-26 20:30:20,149 [Worker-3: Launching mavenrun-c70f7f23-e4ed-4254-80bf-1dd5c953ef81] INFO  o.eclipse.m2e.core.internal.Bundles - 	Entry: C:\Users\user\.p2\pool\plugins\javax.inject_1.0.0.v20220405-0441.jar
2023-09-26 20:30:20,150 [Worker-3: Launching mavenrun-c70f7f23-e4ed-4254-80bf-1dd5c953ef81] INFO  o.eclipse.m2e.core.internal.Bundles - getClasspathEntries(Bundle=javax.annotation_1.3.5.v20200909-1856 [36])
2023-09-26 20:30:20,151 [Worker-3: Launching mavenrun-c70f7f23-e4ed-4254-80bf-1dd5c953ef81] INFO  o.eclipse.m2e.core.internal.Bundles - 	Entry: C:\Users\user\.p2\pool\plugins\javax.annotation_1.3.5.v20200909-1856.jar
2023-09-26 20:30:20,152 [Worker-3: Launching mavenrun-c70f7f23-e4ed-4254-80bf-1dd5c953ef81] INFO  o.eclipse.m2e.core.internal.Bundles - getClasspathEntries(Bundle=org.apache.commons.cli_1.5.0 [73])
2023-09-26 20:30:20,153 [Worker-3: Launching mavenrun-c70f7f23-e4ed-4254-80bf-1dd5c953ef81] INFO  o.eclipse.m2e.core.internal.Bundles - 	Entry: C:\Users\user\.p2\pool\plugins\org.apache.commons.cli_1.5.0.jar
2023-09-26 20:30:20,154 [Worker-3: Launching mavenrun-c70f7f23-e4ed-4254-80bf-1dd5c953ef81] INFO  o.eclipse.m2e.core.internal.Bundles - getClasspathEntries(Bundle=com.google.guava.failureaccess_1.0.1 [14])
2023-09-26 20:30:20,155 [Worker-3: Launching mavenrun-c70f7f23-e4ed-4254-80bf-1dd5c953ef81] INFO  o.eclipse.m2e.core.internal.Bundles - 	Entry: C:\Users\user\.p2\pool\plugins\com.google.guava.failureaccess_1.0.1.jar
2023-09-26 20:30:20,177 [Worker-3: Launching mavenrun-c70f7f23-e4ed-4254-80bf-1dd5c953ef81] INFO  o.e.m.i.launch.MavenLaunchDelegate - Run build in "C:\Users\user\AppData\Local\Temp\m2e-archetypeGenerator5191566060921503679":
2023-09-26 20:30:20,190 [Worker-3: Launching mavenrun-c70f7f23-e4ed-4254-80bf-1dd5c953ef81] INFO  o.e.m.i.launch.MavenLaunchDelegate -  mvn  -DarchetypeGroupId=org.apache.maven.archetypes -DarchetypeArtifactId=maven-archetype-webapp -DarchetypeVersion=1.4 -DgroupId=com -DartifactId=bsc -Dversion=0.0.1-SNAPSHOT -Dpackage=com.bsc -DoutputDirectory=C:\Users\user\Documents\GitHub\BSC-Workspace -Dstyle.color=always -U archetype:generate
2023-09-26 23:28:46,153 [Worker-5: Creating maven-archetype-webapp] INFO  o.e.m.c.i.p.ProjectConfigurationManager - Collecting project info '/pom.xml' C:\Users\user\Documents\GitHub\BSC-Workspace\bsc\pom.xml
2023-09-26 23:28:52,063 [Worker-5: Creating maven-archetype-webapp] INFO  o.e.m.c.i.l.LifecycleMappingFactory - Using org.maven.ide.eclipse.wtp.WarLifecycleMapping lifecycle mapping for MavenProject: com:bsc:0.0.1-SNAPSHOT @ C:\Users\user\Documents\GitHub\BSC-Workspace\bsc\pom.xml.
2023-09-26 23:28:54,816 [Worker-5: Creating maven-archetype-webapp] INFO  o.e.m.j.i.AbstractJavaProjectConfigurator - Adding source folder /bsc/src/main/java
2023-09-26 23:28:54,816 [Worker-5: Creating maven-archetype-webapp] INFO  o.e.m.j.i.AbstractJavaProjectConfigurator - Adding resource folder /bsc/src/main/resources
2023-09-26 23:28:54,817 [Worker-5: Creating maven-archetype-webapp] INFO  o.e.m.j.i.AbstractJavaProjectConfigurator - Adding source folder /bsc/src/test/java
2023-09-26 23:28:54,817 [Worker-5: Creating maven-archetype-webapp] INFO  o.e.m.j.i.AbstractJavaProjectConfigurator - Adding resource folder /bsc/src/test/resources
2023-09-26 23:28:58,589 [Worker-5: Creating maven-archetype-webapp] INFO  o.e.m.c.i.p.ProjectConfigurationManager - Imported and configured 1 project(s) in 12 sec
2023-09-26 23:29:01,039 [Worker-26: Building] INFO  o.e.m.c.i.embedder.EclipseLogger - Using 'UTF-8' encoding to copy filtered resources.
2023-09-26 23:29:01,039 [Worker-26: Building] INFO  o.e.m.c.i.embedder.EclipseLogger - skip non existing resourceDirectory C:\Users\user\Documents\GitHub\BSC-Workspace\bsc\src\main\resources
2023-09-26 23:29:01,047 [Worker-26: Building] INFO  o.e.m.c.i.embedder.EclipseLogger - Using 'UTF-8' encoding to copy filtered resources.
2023-09-26 23:29:01,048 [Worker-26: Building] INFO  o.e.m.c.i.embedder.EclipseLogger - skip non existing resourceDirectory C:\Users\user\Documents\GitHub\BSC-Workspace\bsc\src\test\resources
2023-09-26 23:32:50,176 [Worker-29: Building] INFO  o.e.m.c.i.embedder.EclipseLogger - Using 'UTF-8' encoding to copy filtered resources.
2023-09-26 23:32:50,176 [Worker-29: Building] INFO  o.e.m.c.i.embedder.EclipseLogger - skip non existing resourceDirectory C:\Users\user\Documents\GitHub\BSC-Workspace\bsc\src\main\resources
2023-09-26 23:32:50,179 [Worker-29: Building] INFO  o.e.m.c.i.embedder.EclipseLogger - Using 'UTF-8' encoding to copy filtered resources.
2023-09-26 23:32:50,179 [Worker-29: Building] INFO  o.e.m.c.i.embedder.EclipseLogger - skip non existing resourceDirectory C:\Users\user\Documents\GitHub\BSC-Workspace\bsc\src\test\resources
2023-09-26 23:37:33,320 [Worker-34: Building] INFO  o.e.m.c.i.embedder.EclipseLogger - Using 'UTF-8' encoding to copy filtered resources.
2023-09-26 23:37:33,321 [Worker-34: Building] INFO  o.e.m.c.i.embedder.EclipseLogger - skip non existing resourceDirectory C:\Users\user\Documents\GitHub\BSC-Workspace\bsc\src\main\resources
2023-09-26 23:37:33,324 [Worker-34: Building] INFO  o.e.m.c.i.embedder.EclipseLogger - Using 'UTF-8' encoding to copy filtered resources.
2023-09-26 23:37:33,324 [Worker-34: Building] INFO  o.e.m.c.i.embedder.EclipseLogger - skip non existing resourceDirectory C:\Users\user\Documents\GitHub\BSC-Workspace\bsc\src\test\resources
2023-09-27 09:09:47,711 [Worker-51: Launching mavenrun-88b22c79-d4ee-4f04-a9cd-5981d63ac5a8] INFO  o.eclipse.m2e.core.internal.Bundles - getClasspathEntries(Bundle=org.eclipse.m2e.maven.runtime_3.9.400.20230826-0755 [623])
2023-09-27 09:09:47,716 [Worker-51: Launching mavenrun-88b22c79-d4ee-4f04-a9cd-5981d63ac5a8] INFO  o.eclipse.m2e.core.internal.Bundles - 	Entry: C:\Users\user\.p2\pool\plugins\org.eclipse.m2e.maven.runtime_3.9.400.20230826-0755
2023-09-27 09:09:47,717 [Worker-51: Launching mavenrun-88b22c79-d4ee-4f04-a9cd-5981d63ac5a8] INFO  o.eclipse.m2e.core.internal.Bundles - 	Entry: C:\Users\user\.p2\pool\plugins\org.eclipse.m2e.maven.runtime_3.9.400.20230826-0755\jars\aether-connector-okhttp-0.17.8.jar
2023-09-27 09:09:47,717 [Worker-51: Launching mavenrun-88b22c79-d4ee-4f04-a9cd-5981d63ac5a8] INFO  o.eclipse.m2e.core.internal.Bundles - 	Entry: C:\Users\user\.p2\pool\plugins\org.eclipse.m2e.maven.runtime_3.9.400.20230826-0755\jars\aopalliance-1.0.jar
2023-09-27 09:09:47,718 [Worker-51: Launching mavenrun-88b22c79-d4ee-4f04-a9cd-5981d63ac5a8] INFO  o.eclipse.m2e.core.internal.Bundles - 	Entry: C:\Users\user\.p2\pool\plugins\org.eclipse.m2e.maven.runtime_3.9.400.20230826-0755\jars\commons-lang3-3.12.0.jar
2023-09-27 09:09:47,718 [Worker-51: Launching mavenrun-88b22c79-d4ee-4f04-a9cd-5981d63ac5a8] INFO  o.eclipse.m2e.core.internal.Bundles - 	Entry: C:\Users\user\.p2\pool\plugins\org.eclipse.m2e.maven.runtime_3.9.400.20230826-0755\jars\guice-5.1.0.jar
2023-09-27 09:09:47,719 [Worker-51: Launching mavenrun-88b22c79-d4ee-4f04-a9cd-5981d63ac5a8] INFO  o.eclipse.m2e.core.internal.Bundles - 	Entry: C:\Users\user\.p2\pool\plugins\org.eclipse.m2e.maven.runtime_3.9.400.20230826-0755\jars\jansi-2.4.0.jar
2023-09-27 09:09:47,719 [Worker-51: Launching mavenrun-88b22c79-d4ee-4f04-a9cd-5981d63ac5a8] INFO  o.eclipse.m2e.core.internal.Bundles - 	Entry: C:\Users\user\.p2\pool\plugins\org.eclipse.m2e.maven.runtime_3.9.400.20230826-0755\jars\maven-artifact-3.9.4.jar
2023-09-27 09:09:47,720 [Worker-51: Launching mavenrun-88b22c79-d4ee-4f04-a9cd-5981d63ac5a8] INFO  o.eclipse.m2e.core.internal.Bundles - 	Entry: C:\Users\user\.p2\pool\plugins\org.eclipse.m2e.maven.runtime_3.9.400.20230826-0755\jars\maven-builder-support-3.9.4.jar
2023-09-27 09:09:47,720 [Worker-51: Launching mavenrun-88b22c79-d4ee-4f04-a9cd-5981d63ac5a8] INFO  o.eclipse.m2e.core.internal.Bundles - 	Entry: C:\Users\user\.p2\pool\plugins\org.eclipse.m2e.maven.runtime_3.9.400.20230826-0755\jars\maven-compat-3.9.4.jar
2023-09-27 09:09:47,721 [Worker-51: Launching mavenrun-88b22c79-d4ee-4f04-a9cd-5981d63ac5a8] INFO  o.eclipse.m2e.core.internal.Bundles - 	Entry: C:\Users\user\.p2\pool\plugins\org.eclipse.m2e.maven.runtime_3.9.400.20230826-0755\jars\maven-core-3.9.4.jar
2023-09-27 09:09:47,721 [Worker-51: Launching mavenrun-88b22c79-d4ee-4f04-a9cd-5981d63ac5a8] INFO  o.eclipse.m2e.core.internal.Bundles - 	Entry: C:\Users\user\.p2\pool\plugins\org.eclipse.m2e.maven.runtime_3.9.400.20230826-0755\jars\maven-embedder-3.9.4.jar
2023-09-27 09:09:47,722 [Worker-51: Launching mavenrun-88b22c79-d4ee-4f04-a9cd-5981d63ac5a8] INFO  o.eclipse.m2e.core.internal.Bundles - 	Entry: C:\Users\user\.p2\pool\plugins\org.eclipse.m2e.maven.runtime_3.9.400.20230826-0755\jars\maven-model-3.9.4.jar
2023-09-27 09:09:47,722 [Worker-51: Launching mavenrun-88b22c79-d4ee-4f04-a9cd-5981d63ac5a8] INFO  o.eclipse.m2e.core.internal.Bundles - 	Entry: C:\Users\user\.p2\pool\plugins\org.eclipse.m2e.maven.runtime_3.9.400.20230826-0755\jars\maven-model-builder-3.9.4.jar
2023-09-27 09:09:47,723 [Worker-51: Launching mavenrun-88b22c79-d4ee-4f04-a9cd-5981d63ac5a8] INFO  o.eclipse.m2e.core.internal.Bundles - 	Entry: C:\Users\user\.p2\pool\plugins\org.eclipse.m2e.maven.runtime_3.9.400.20230826-0755\jars\maven-plugin-api-3.9.4.jar
2023-09-27 09:09:47,723 [Worker-51: Launching mavenrun-88b22c79-d4ee-4f04-a9cd-5981d63ac5a8] INFO  o.eclipse.m2e.core.internal.Bundles - 	Entry: C:\Users\user\.p2\pool\plugins\org.eclipse.m2e.maven.runtime_3.9.400.20230826-0755\jars\maven-repository-metadata-3.9.4.jar
2023-09-27 09:09:47,723 [Worker-51: Launching mavenrun-88b22c79-d4ee-4f04-a9cd-5981d63ac5a8] INFO  o.eclipse.m2e.core.internal.Bundles - 	Entry: C:\Users\user\.p2\pool\plugins\org.eclipse.m2e.maven.runtime_3.9.400.20230826-0755\jars\maven-resolver-api-1.9.14.jar
2023-09-27 09:09:47,724 [Worker-51: Launching mavenrun-88b22c79-d4ee-4f04-a9cd-5981d63ac5a8] INFO  o.eclipse.m2e.core.internal.Bundles - 	Entry: C:\Users\user\.p2\pool\plugins\org.eclipse.m2e.maven.runtime_3.9.400.20230826-0755\jars\maven-resolver-connector-basic-1.9.14.jar
2023-09-27 09:09:47,724 [Worker-51: Launching mavenrun-88b22c79-d4ee-4f04-a9cd-5981d63ac5a8] INFO  o.eclipse.m2e.core.internal.Bundles - 	Entry: C:\Users\user\.p2\pool\plugins\org.eclipse.m2e.maven.runtime_3.9.400.20230826-0755\jars\maven-resolver-impl-1.9.14.jar
2023-09-27 09:09:47,725 [Worker-51: Launching mavenrun-88b22c79-d4ee-4f04-a9cd-5981d63ac5a8] INFO  o.eclipse.m2e.core.internal.Bundles - 	Entry: C:\Users\user\.p2\pool\plugins\org.eclipse.m2e.maven.runtime_3.9.400.20230826-0755\jars\maven-resolver-named-locks-1.9.14.jar
2023-09-27 09:09:47,725 [Worker-51: Launching mavenrun-88b22c79-d4ee-4f04-a9cd-5981d63ac5a8] INFO  o.eclipse.m2e.core.internal.Bundles - 	Entry: C:\Users\user\.p2\pool\plugins\org.eclipse.m2e.maven.runtime_3.9.400.20230826-0755\jars\maven-resolver-provider-3.9.4.jar
2023-09-27 09:09:47,726 [Worker-51: Launching mavenrun-88b22c79-d4ee-4f04-a9cd-5981d63ac5a8] INFO  o.eclipse.m2e.core.internal.Bundles - 	Entry: C:\Users\user\.p2\pool\plugins\org.eclipse.m2e.maven.runtime_3.9.400.20230826-0755\jars\maven-resolver-spi-1.9.14.jar
2023-09-27 09:09:47,726 [Worker-51: Launching mavenrun-88b22c79-d4ee-4f04-a9cd-5981d63ac5a8] INFO  o.eclipse.m2e.core.internal.Bundles - 	Entry: C:\Users\user\.p2\pool\plugins\org.eclipse.m2e.maven.runtime_3.9.400.20230826-0755\jars\maven-resolver-transport-wagon-1.9.14.jar
2023-09-27 09:09:47,726 [Worker-51: Launching mavenrun-88b22c79-d4ee-4f04-a9cd-5981d63ac5a8] INFO  o.eclipse.m2e.core.internal.Bundles - 	Entry: C:\Users\user\.p2\pool\plugins\org.eclipse.m2e.maven.runtime_3.9.400.20230826-0755\jars\maven-resolver-util-1.9.14.jar
2023-09-27 09:09:47,727 [Worker-51: Launching mavenrun-88b22c79-d4ee-4f04-a9cd-5981d63ac5a8] INFO  o.eclipse.m2e.core.internal.Bundles - 	Entry: C:\Users\user\.p2\pool\plugins\org.eclipse.m2e.maven.runtime_3.9.400.20230826-0755\jars\maven-settings-3.9.4.jar
2023-09-27 09:09:47,727 [Worker-51: Launching mavenrun-88b22c79-d4ee-4f04-a9cd-5981d63ac5a8] INFO  o.eclipse.m2e.core.internal.Bundles - 	Entry: C:\Users\user\.p2\pool\plugins\org.eclipse.m2e.maven.runtime_3.9.400.20230826-0755\jars\maven-settings-builder-3.9.4.jar
2023-09-27 09:09:47,727 [Worker-51: Launching mavenrun-88b22c79-d4ee-4f04-a9cd-5981d63ac5a8] INFO  o.eclipse.m2e.core.internal.Bundles - 	Entry: C:\Users\user\.p2\pool\plugins\org.eclipse.m2e.maven.runtime_3.9.400.20230826-0755\jars\maven-shared-utils-3.3.4.jar
2023-09-27 09:09:47,727 [Worker-51: Launching mavenrun-88b22c79-d4ee-4f04-a9cd-5981d63ac5a8] INFO  o.eclipse.m2e.core.internal.Bundles - 	Entry: C:\Users\user\.p2\pool\plugins\org.eclipse.m2e.maven.runtime_3.9.400.20230826-0755\jars\okhttp-3.14.1.jar
2023-09-27 09:09:47,728 [Worker-51: Launching mavenrun-88b22c79-d4ee-4f04-a9cd-5981d63ac5a8] INFO  o.eclipse.m2e.core.internal.Bundles - 	Entry: C:\Users\user\.p2\pool\plugins\org.eclipse.m2e.maven.runtime_3.9.400.20230826-0755\jars\okio-1.17.3.jar
2023-09-27 09:09:47,728 [Worker-51: Launching mavenrun-88b22c79-d4ee-4f04-a9cd-5981d63ac5a8] INFO  o.eclipse.m2e.core.internal.Bundles - 	Entry: C:\Users\user\.p2\pool\plugins\org.eclipse.m2e.maven.runtime_3.9.400.20230826-0755\jars\org.eclipse.sisu.inject-0.3.5.jar
2023-09-27 09:09:47,728 [Worker-51: Launching mavenrun-88b22c79-d4ee-4f04-a9cd-5981d63ac5a8] INFO  o.eclipse.m2e.core.internal.Bundles - 	Entry: C:\Users\user\.p2\pool\plugins\org.eclipse.m2e.maven.runtime_3.9.400.20230826-0755\jars\org.eclipse.sisu.plexus-0.3.5.jar
2023-09-27 09:09:47,729 [Worker-51: Launching mavenrun-88b22c79-d4ee-4f04-a9cd-5981d63ac5a8] INFO  o.eclipse.m2e.core.internal.Bundles - 	Entry: C:\Users\user\.p2\pool\plugins\org.eclipse.m2e.maven.runtime_3.9.400.20230826-0755\jars\plexus-build-api-0.0.7.jar
2023-09-27 09:09:47,729 [Worker-51: Launching mavenrun-88b22c79-d4ee-4f04-a9cd-5981d63ac5a8] INFO  o.eclipse.m2e.core.internal.Bundles - 	Entry: C:\Users\user\.p2\pool\plugins\org.eclipse.m2e.maven.runtime_3.9.400.20230826-0755\jars\plexus-cipher-2.0.jar
2023-09-27 09:09:47,729 [Worker-51: Launching mavenrun-88b22c79-d4ee-4f04-a9cd-5981d63ac5a8] INFO  o.eclipse.m2e.core.internal.Bundles - 	Entry: C:\Users\user\.p2\pool\plugins\org.eclipse.m2e.maven.runtime_3.9.400.20230826-0755\jars\plexus-classworlds-2.7.0.jar
2023-09-27 09:09:47,729 [Worker-51: Launching mavenrun-88b22c79-d4ee-4f04-a9cd-5981d63ac5a8] INFO  o.eclipse.m2e.core.internal.Bundles - 	Entry: C:\Users\user\.p2\pool\plugins\org.eclipse.m2e.maven.runtime_3.9.400.20230826-0755\jars\plexus-component-annotations-2.1.0.jar
2023-09-27 09:09:47,730 [Worker-51: Launching mavenrun-88b22c79-d4ee-4f04-a9cd-5981d63ac5a8] INFO  o.eclipse.m2e.core.internal.Bundles - 	Entry: C:\Users\user\.p2\pool\plugins\org.eclipse.m2e.maven.runtime_3.9.400.20230826-0755\jars\plexus-interpolation-1.26.jar
2023-09-27 09:09:47,730 [Worker-51: Launching mavenrun-88b22c79-d4ee-4f04-a9cd-5981d63ac5a8] INFO  o.eclipse.m2e.core.internal.Bundles - 	Entry: C:\Users\user\.p2\pool\plugins\org.eclipse.m2e.maven.runtime_3.9.400.20230826-0755\jars\plexus-sec-dispatcher-2.0.jar
2023-09-27 09:09:47,730 [Worker-51: Launching mavenrun-88b22c79-d4ee-4f04-a9cd-5981d63ac5a8] INFO  o.eclipse.m2e.core.internal.Bundles - 	Entry: C:\Users\user\.p2\pool\plugins\org.eclipse.m2e.maven.runtime_3.9.400.20230826-0755\jars\plexus-utils-3.5.1.jar
2023-09-27 09:09:47,730 [Worker-51: Launching mavenrun-88b22c79-d4ee-4f04-a9cd-5981d63ac5a8] INFO  o.eclipse.m2e.core.internal.Bundles - 	Entry: C:\Users\user\.p2\pool\plugins\org.eclipse.m2e.maven.runtime_3.9.400.20230826-0755\jars\wagon-file-3.5.3.jar
2023-09-27 09:09:47,731 [Worker-51: Launching mavenrun-88b22c79-d4ee-4f04-a9cd-5981d63ac5a8] INFO  o.eclipse.m2e.core.internal.Bundles - 	Entry: C:\Users\user\.p2\pool\plugins\org.eclipse.m2e.maven.runtime_3.9.400.20230826-0755\jars\wagon-provider-api-3.5.3.jar
2023-09-27 09:09:47,732 [Worker-51: Launching mavenrun-88b22c79-d4ee-4f04-a9cd-5981d63ac5a8] INFO  o.eclipse.m2e.core.internal.Bundles - getClasspathEntries(Bundle=com.google.guava_32.1.2.jre [12])
2023-09-27 09:09:47,733 [Worker-51: Launching mavenrun-88b22c79-d4ee-4f04-a9cd-5981d63ac5a8] INFO  o.eclipse.m2e.core.internal.Bundles - 	Entry: C:\Users\user\.p2\pool\plugins\com.google.guava_32.1.2.jre.jar
2023-09-27 09:09:47,733 [Worker-51: Launching mavenrun-88b22c79-d4ee-4f04-a9cd-5981d63ac5a8] INFO  o.eclipse.m2e.core.internal.Bundles - getClasspathEntries(Bundle=slf4j.api_2.0.7 [984])
2023-09-27 09:09:47,734 [Worker-51: Launching mavenrun-88b22c79-d4ee-4f04-a9cd-5981d63ac5a8] INFO  o.eclipse.m2e.core.internal.Bundles - 	Entry: C:\Users\user\.p2\pool\plugins\slf4j.api_2.0.7.jar
2023-09-27 09:09:47,734 [Worker-51: Launching mavenrun-88b22c79-d4ee-4f04-a9cd-5981d63ac5a8] INFO  o.eclipse.m2e.core.internal.Bundles - getClasspathEntries(Bundle=javax.inject_1.0.0.v20220405-0441 [38])
2023-09-27 09:09:47,735 [Worker-51: Launching mavenrun-88b22c79-d4ee-4f04-a9cd-5981d63ac5a8] INFO  o.eclipse.m2e.core.internal.Bundles - 	Entry: C:\Users\user\.p2\pool\plugins\javax.inject_1.0.0.v20220405-0441.jar
2023-09-27 09:09:47,735 [Worker-51: Launching mavenrun-88b22c79-d4ee-4f04-a9cd-5981d63ac5a8] INFO  o.eclipse.m2e.core.internal.Bundles - getClasspathEntries(Bundle=javax.annotation_1.3.5.v20200909-1856 [36])
2023-09-27 09:09:47,736 [Worker-51: Launching mavenrun-88b22c79-d4ee-4f04-a9cd-5981d63ac5a8] INFO  o.eclipse.m2e.core.internal.Bundles - 	Entry: C:\Users\user\.p2\pool\plugins\javax.annotation_1.3.5.v20200909-1856.jar
2023-09-27 09:09:47,736 [Worker-51: Launching mavenrun-88b22c79-d4ee-4f04-a9cd-5981d63ac5a8] INFO  o.eclipse.m2e.core.internal.Bundles - getClasspathEntries(Bundle=org.apache.commons.cli_1.5.0 [73])
2023-09-27 09:09:47,737 [Worker-51: Launching mavenrun-88b22c79-d4ee-4f04-a9cd-5981d63ac5a8] INFO  o.eclipse.m2e.core.internal.Bundles - 	Entry: C:\Users\user\.p2\pool\plugins\org.apache.commons.cli_1.5.0.jar
2023-09-27 09:09:47,737 [Worker-51: Launching mavenrun-88b22c79-d4ee-4f04-a9cd-5981d63ac5a8] INFO  o.eclipse.m2e.core.internal.Bundles - getClasspathEntries(Bundle=com.google.guava.failureaccess_1.0.1 [14])
2023-09-27 09:09:47,738 [Worker-51: Launching mavenrun-88b22c79-d4ee-4f04-a9cd-5981d63ac5a8] INFO  o.eclipse.m2e.core.internal.Bundles - 	Entry: C:\Users\user\.p2\pool\plugins\com.google.guava.failureaccess_1.0.1.jar
2023-09-27 09:09:47,742 [Worker-51: Launching mavenrun-88b22c79-d4ee-4f04-a9cd-5981d63ac5a8] INFO  o.e.m.i.launch.MavenLaunchDelegate - Run build in "C:\Users\user\AppData\Local\Temp\m2e-archetypeGenerator14505695081881810678":
2023-09-27 09:09:47,742 [Worker-51: Launching mavenrun-88b22c79-d4ee-4f04-a9cd-5981d63ac5a8] INFO  o.e.m.i.launch.MavenLaunchDelegate -  mvn  -DarchetypeGroupId=org.apache.maven.archetypes -DarchetypeArtifactId=maven-archetype-webapp -DarchetypeVersion=1.4 -DgroupId=com -DartifactId=blackscreencinema -Dversion=0.0.1-SNAPSHOT -Dpackage=com.blackscreencinema -DoutputDirectory=C:\Users\user\Documents\GitHub\BSC-Workspace -Dstyle.color=always -U archetype:generate
2023-09-27 09:10:45,594 [Worker-52: Creating maven-archetype-webapp] INFO  o.e.m.c.i.p.ProjectConfigurationManager - Collecting project info '/pom.xml' C:\Users\user\Documents\GitHub\BSC-Workspace\blackscreencinema\pom.xml
2023-09-27 09:10:46,223 [Worker-52: Creating maven-archetype-webapp] INFO  o.e.m.c.i.l.LifecycleMappingFactory - Using org.maven.ide.eclipse.wtp.WarLifecycleMapping lifecycle mapping for MavenProject: com:blackscreencinema:0.0.1-SNAPSHOT @ C:\Users\user\Documents\GitHub\BSC-Workspace\blackscreencinema\pom.xml.
2023-09-27 09:10:46,356 [Worker-52: Creating maven-archetype-webapp] INFO  o.e.m.j.i.AbstractJavaProjectConfigurator - Adding source folder /blackscreencinema/src/main/java
2023-09-27 09:10:46,356 [Worker-52: Creating maven-archetype-webapp] INFO  o.e.m.j.i.AbstractJavaProjectConfigurator - Adding resource folder /blackscreencinema/src/main/resources
2023-09-27 09:10:46,357 [Worker-52: Creating maven-archetype-webapp] INFO  o.e.m.j.i.AbstractJavaProjectConfigurator - Adding source folder /blackscreencinema/src/test/java
2023-09-27 09:10:46,357 [Worker-52: Creating maven-archetype-webapp] INFO  o.e.m.j.i.AbstractJavaProjectConfigurator - Adding resource folder /blackscreencinema/src/test/resources
2023-09-27 09:10:47,339 [Worker-52: Creating maven-archetype-webapp] INFO  o.e.m.c.i.p.ProjectConfigurationManager - Imported and configured 1 project(s) in 1 sec
2023-09-27 09:10:47,668 [Worker-51: Building] INFO  o.e.m.c.i.embedder.EclipseLogger - Using 'UTF-8' encoding to copy filtered resources.
2023-09-27 09:10:47,669 [Worker-51: Building] INFO  o.e.m.c.i.embedder.EclipseLogger - skip non existing resourceDirectory C:\Users\user\Documents\GitHub\BSC-Workspace\blackscreencinema\src\main\resources
2023-09-27 09:10:47,672 [Worker-51: Building] INFO  o.e.m.c.i.embedder.EclipseLogger - Using 'UTF-8' encoding to copy filtered resources.
2023-09-27 09:10:47,673 [Worker-51: Building] INFO  o.e.m.c.i.embedder.EclipseLogger - skip non existing resourceDirectory C:\Users\user\Documents\GitHub\BSC-Workspace\blackscreencinema\src\test\resources
2023-09-27 09:10:48,195 [Worker-51: Building] INFO  o.e.m.c.i.embedder.EclipseLogger - Using 'UTF-8' encoding to copy filtered resources.
2023-09-27 09:10:48,196 [Worker-51: Building] INFO  o.e.m.c.i.embedder.EclipseLogger - skip non existing resourceDirectory C:\Users\user\Documents\GitHub\BSC-Workspace\blackscreencinema\src\main\resources
2023-09-27 09:10:48,199 [Worker-51: Building] INFO  o.e.m.c.i.embedder.EclipseLogger - Using 'UTF-8' encoding to copy filtered resources.
2023-09-27 09:10:48,199 [Worker-51: Building] INFO  o.e.m.c.i.embedder.EclipseLogger - skip non existing resourceDirectory C:\Users\user\Documents\GitHub\BSC-Workspace\blackscreencinema\src\test\resources
2023-09-27 09:11:33,268 [Worker-50: Building] INFO  o.e.m.c.i.embedder.EclipseLogger - Using 'UTF-8' encoding to copy filtered resources.
2023-09-27 09:11:33,336 [Worker-50: Building] INFO  o.e.m.c.i.embedder.EclipseLogger - Copying 0 resource
2023-09-27 09:11:33,339 [Worker-50: Building] INFO  o.e.m.c.i.embedder.EclipseLogger - Using 'UTF-8' encoding to copy filtered resources.
2023-09-27 09:11:33,340 [Worker-50: Building] INFO  o.e.m.c.i.embedder.EclipseLogger - Copying 0 resource
2023-09-27 09:26:32,112 [Worker-56: Building] INFO  o.e.m.c.i.embedder.EclipseLogger - Using 'UTF-8' encoding to copy filtered resources.
2023-09-27 09:26:32,113 [Worker-56: Building] INFO  o.e.m.c.i.embedder.EclipseLogger - Copying 0 resource
2023-09-27 09:26:32,115 [Worker-56: Building] INFO  o.e.m.c.i.embedder.EclipseLogger - Using 'UTF-8' encoding to copy filtered resources.
2023-09-27 09:26:32,116 [Worker-56: Building] INFO  o.e.m.c.i.embedder.EclipseLogger - Copying 0 resource
2023-09-27 09:42:19,861 [Worker-67: Building] INFO  o.e.m.c.i.embedder.EclipseLogger - Using 'UTF-8' encoding to copy filtered resources.
2023-09-27 09:42:19,862 [Worker-67: Building] INFO  o.e.m.c.i.embedder.EclipseLogger - Copying 0 resource
2023-09-27 09:42:19,865 [Worker-67: Building] INFO  o.e.m.c.i.embedder.EclipseLogger - Using 'UTF-8' encoding to copy filtered resources.
2023-09-27 09:42:19,866 [Worker-67: Building] INFO  o.e.m.c.i.embedder.EclipseLogger - Copying 0 resource
2023-09-27 09:42:29,943 [Worker-65: Building] INFO  o.e.m.c.i.embedder.EclipseLogger - Using 'UTF-8' encoding to copy filtered resources.
2023-09-27 09:42:29,944 [Worker-65: Building] INFO  o.e.m.c.i.embedder.EclipseLogger - Copying 0 resource
2023-09-27 09:42:29,948 [Worker-65: Building] INFO  o.e.m.c.i.embedder.EclipseLogger - Using 'UTF-8' encoding to copy filtered resources.
2023-09-27 09:42:29,948 [Worker-65: Building] INFO  o.e.m.c.i.embedder.EclipseLogger - Copying 0 resource
2023-09-27 10:10:10,799 [Worker-72: Building] INFO  o.e.m.c.i.embedder.EclipseLogger - Using 'UTF-8' encoding to copy filtered resources.
2023-09-27 10:10:10,801 [Worker-72: Building] INFO  o.e.m.c.i.embedder.EclipseLogger - Copying 0 resource
2023-09-27 10:10:10,806 [Worker-72: Building] INFO  o.e.m.c.i.embedder.EclipseLogger - Using 'UTF-8' encoding to copy filtered resources.
2023-09-27 10:10:10,807 [Worker-72: Building] INFO  o.e.m.c.i.embedder.EclipseLogger - Copying 0 resource
2023-09-27 10:12:56,987 [Worker-73: Building] INFO  o.e.m.c.i.embedder.EclipseLogger - Using 'UTF-8' encoding to copy filtered resources.
2023-09-27 10:12:56,989 [Worker-73: Building] INFO  o.e.m.c.i.embedder.EclipseLogger - Copying 0 resource
2023-09-27 10:12:56,993 [Worker-73: Building] INFO  o.e.m.c.i.embedder.EclipseLogger - Using 'UTF-8' encoding to copy filtered resources.
2023-09-27 10:12:56,994 [Worker-73: Building] INFO  o.e.m.c.i.embedder.EclipseLogger - Copying 0 resource
2023-09-27 10:13:13,338 [Worker-74: Building] INFO  o.e.m.c.i.embedder.EclipseLogger - Using 'UTF-8' encoding to copy filtered resources.
2023-09-27 10:13:13,339 [Worker-74: Building] INFO  o.e.m.c.i.embedder.EclipseLogger - Copying 0 resource
2023-09-27 10:13:13,344 [Worker-74: Building] INFO  o.e.m.c.i.embedder.EclipseLogger - Using 'UTF-8' encoding to copy filtered resources.
2023-09-27 10:13:13,345 [Worker-74: Building] INFO  o.e.m.c.i.embedder.EclipseLogger - Copying 0 resource
2023-09-27 10:15:33,914 [Worker-72: Building] INFO  o.e.m.c.i.embedder.EclipseLogger - Using 'UTF-8' encoding to copy filtered resources.
2023-09-27 10:15:33,915 [Worker-72: Building] INFO  o.e.m.c.i.embedder.EclipseLogger - Copying 0 resource
2023-09-27 10:15:33,918 [Worker-72: Building] INFO  o.e.m.c.i.embedder.EclipseLogger - Using 'UTF-8' encoding to copy filtered resources.
2023-09-27 10:15:33,919 [Worker-72: Building] INFO  o.e.m.c.i.embedder.EclipseLogger - Copying 0 resource
2023-09-27 10:18:08,609 [Worker-74: Building] INFO  o.e.m.c.i.embedder.EclipseLogger - Using 'UTF-8' encoding to copy filtered resources.
2023-09-27 10:18:08,610 [Worker-74: Building] INFO  o.e.m.c.i.embedder.EclipseLogger - Copying 0 resource
2023-09-27 10:18:08,615 [Worker-74: Building] INFO  o.e.m.c.i.embedder.EclipseLogger - Using 'UTF-8' encoding to copy filtered resources.
2023-09-27 10:18:08,616 [Worker-74: Building] INFO  o.e.m.c.i.embedder.EclipseLogger - Copying 0 resource
2023-09-27 10:18:17,321 [Worker-74: Building] INFO  o.e.m.c.i.embedder.EclipseLogger - Using 'UTF-8' encoding to copy filtered resources.
2023-09-27 10:18:17,321 [Worker-74: Building] INFO  o.e.m.c.i.embedder.EclipseLogger - Copying 0 resource
2023-09-27 10:18:17,324 [Worker-74: Building] INFO  o.e.m.c.i.embedder.EclipseLogger - Using 'UTF-8' encoding to copy filtered resources.
2023-09-27 10:18:17,325 [Worker-74: Building] INFO  o.e.m.c.i.embedder.EclipseLogger - Copying 0 resource
2023-09-27 10:18:34,840 [Worker-74: Building] INFO  o.e.m.c.i.embedder.EclipseLogger - Using 'UTF-8' encoding to copy filtered resources.
2023-09-27 10:18:34,840 [Worker-74: Building] INFO  o.e.m.c.i.embedder.EclipseLogger - Copying 0 resource
2023-09-27 10:18:34,845 [Worker-74: Building] INFO  o.e.m.c.i.embedder.EclipseLogger - Using 'UTF-8' encoding to copy filtered resources.
2023-09-27 10:18:34,846 [Worker-74: Building] INFO  o.e.m.c.i.embedder.EclipseLogger - Copying 0 resource
2023-09-27 10:19:35,261 [Worker-73: Building] INFO  o.e.m.c.i.embedder.EclipseLogger - Using 'UTF-8' encoding to copy filtered resources.
2023-09-27 10:19:35,262 [Worker-73: Building] INFO  o.e.m.c.i.embedder.EclipseLogger - Copying 0 resource
2023-09-27 10:19:35,266 [Worker-73: Building] INFO  o.e.m.c.i.embedder.EclipseLogger - Using 'UTF-8' encoding to copy filtered resources.
2023-09-27 10:19:35,267 [Worker-73: Building] INFO  o.e.m.c.i.embedder.EclipseLogger - Copying 0 resource
2023-09-27 10:19:46,769 [Worker-74: Building] INFO  o.e.m.c.i.embedder.EclipseLogger - Using 'UTF-8' encoding to copy filtered resources.
2023-09-27 10:19:46,769 [Worker-74: Building] INFO  o.e.m.c.i.embedder.EclipseLogger - Copying 0 resource
2023-09-27 10:19:46,772 [Worker-74: Building] INFO  o.e.m.c.i.embedder.EclipseLogger - Using 'UTF-8' encoding to copy filtered resources.
2023-09-27 10:19:46,773 [Worker-74: Building] INFO  o.e.m.c.i.embedder.EclipseLogger - Copying 0 resource
2023-09-27 10:19:52,127 [Worker-76: Building] INFO  o.e.m.c.i.embedder.EclipseLogger - Using 'UTF-8' encoding to copy filtered resources.
2023-09-27 10:19:52,128 [Worker-76: Building] INFO  o.e.m.c.i.embedder.EclipseLogger - Copying 0 resource
2023-09-27 10:19:52,132 [Worker-76: Building] INFO  o.e.m.c.i.embedder.EclipseLogger - Using 'UTF-8' encoding to copy filtered resources.
2023-09-27 10:19:52,133 [Worker-76: Building] INFO  o.e.m.c.i.embedder.EclipseLogger - Copying 0 resource
2023-09-27 10:22:06,452 [Worker-78: Building] INFO  o.e.m.c.i.embedder.EclipseLogger - Using 'UTF-8' encoding to copy filtered resources.
2023-09-27 10:22:06,454 [Worker-78: Building] INFO  o.e.m.c.i.embedder.EclipseLogger - Copying 0 resource
2023-09-27 10:22:06,460 [Worker-78: Building] INFO  o.e.m.c.i.embedder.EclipseLogger - Using 'UTF-8' encoding to copy filtered resources.
2023-09-27 10:22:06,461 [Worker-78: Building] INFO  o.e.m.c.i.embedder.EclipseLogger - Copying 0 resource
2023-09-27 10:22:25,725 [Worker-77: Building] INFO  o.e.m.c.i.embedder.EclipseLogger - Using 'UTF-8' encoding to copy filtered resources.
2023-09-27 10:22:25,726 [Worker-77: Building] INFO  o.e.m.c.i.embedder.EclipseLogger - Copying 0 resource
2023-09-27 10:22:25,729 [Worker-77: Building] INFO  o.e.m.c.i.embedder.EclipseLogger - Using 'UTF-8' encoding to copy filtered resources.
2023-09-27 10:22:25,730 [Worker-77: Building] INFO  o.e.m.c.i.embedder.EclipseLogger - Copying 0 resource
2023-09-27 10:23:11,886 [Worker-71: Building] INFO  o.e.m.c.i.embedder.EclipseLogger - Using 'UTF-8' encoding to copy filtered resources.
2023-09-27 10:23:11,887 [Worker-71: Building] INFO  o.e.m.c.i.embedder.EclipseLogger - Copying 0 resource
2023-09-27 10:23:11,891 [Worker-71: Building] INFO  o.e.m.c.i.embedder.EclipseLogger - Using 'UTF-8' encoding to copy filtered resources.
2023-09-27 10:23:11,892 [Worker-71: Building] INFO  o.e.m.c.i.embedder.EclipseLogger - Copying 0 resource
2023-09-27 10:26:35,504 [Worker-77: Building] INFO  o.e.m.c.i.embedder.EclipseLogger - Using 'UTF-8' encoding to copy filtered resources.
2023-09-27 10:26:35,505 [Worker-77: Building] INFO  o.e.m.c.i.embedder.EclipseLogger - Copying 0 resource
2023-09-27 10:26:35,508 [Worker-77: Building] INFO  o.e.m.c.i.embedder.EclipseLogger - Using 'UTF-8' encoding to copy filtered resources.
2023-09-27 10:26:35,509 [Worker-77: Building] INFO  o.e.m.c.i.embedder.EclipseLogger - Copying 0 resource
2023-09-27 10:26:41,220 [Worker-80: Building] INFO  o.e.m.c.i.embedder.EclipseLogger - Using 'UTF-8' encoding to copy filtered resources.
2023-09-27 10:26:41,221 [Worker-80: Building] INFO  o.e.m.c.i.embedder.EclipseLogger - Copying 0 resource
2023-09-27 10:26:41,223 [Worker-80: Building] INFO  o.e.m.c.i.embedder.EclipseLogger - Using 'UTF-8' encoding to copy filtered resources.
2023-09-27 10:26:41,224 [Worker-80: Building] INFO  o.e.m.c.i.embedder.EclipseLogger - Copying 0 resource
2023-09-27 10:26:57,203 [Worker-77: Building] INFO  o.e.m.c.i.embedder.EclipseLogger - Using 'UTF-8' encoding to copy filtered resources.
2023-09-27 10:26:57,204 [Worker-77: Building] INFO  o.e.m.c.i.embedder.EclipseLogger - Copying 0 resource
2023-09-27 10:26:57,208 [Worker-77: Building] INFO  o.e.m.c.i.embedder.EclipseLogger - Using 'UTF-8' encoding to copy filtered resources.
2023-09-27 10:26:57,208 [Worker-77: Building] INFO  o.e.m.c.i.embedder.EclipseLogger - Copying 0 resource
2023-09-27 10:27:59,033 [Worker-79: Building] INFO  o.e.m.c.i.embedder.EclipseLogger - Using 'UTF-8' encoding to copy filtered resources.
2023-09-27 10:27:59,034 [Worker-79: Building] INFO  o.e.m.c.i.embedder.EclipseLogger - Copying 0 resource
2023-09-27 10:27:59,036 [Worker-79: Building] INFO  o.e.m.c.i.embedder.EclipseLogger - Using 'UTF-8' encoding to copy filtered resources.
2023-09-27 10:27:59,037 [Worker-79: Building] INFO  o.e.m.c.i.embedder.EclipseLogger - Copying 0 resource
2023-09-27 10:28:04,907 [Worker-71: Building] INFO  o.e.m.c.i.embedder.EclipseLogger - Using 'UTF-8' encoding to copy filtered resources.
2023-09-27 10:28:04,907 [Worker-71: Building] INFO  o.e.m.c.i.embedder.EclipseLogger - Copying 0 resource
2023-09-27 10:28:04,909 [Worker-71: Building] INFO  o.e.m.c.i.embedder.EclipseLogger - Using 'UTF-8' encoding to copy filtered resources.
2023-09-27 10:28:04,910 [Worker-71: Building] INFO  o.e.m.c.i.embedder.EclipseLogger - Copying 0 resource
2023-09-27 10:29:23,852 [Worker-75: Building] INFO  o.e.m.c.i.embedder.EclipseLogger - Using 'UTF-8' encoding to copy filtered resources.
2023-09-27 10:29:23,853 [Worker-75: Building] INFO  o.e.m.c.i.embedder.EclipseLogger - Copying 0 resource
2023-09-27 10:29:23,856 [Worker-75: Building] INFO  o.e.m.c.i.embedder.EclipseLogger - Using 'UTF-8' encoding to copy filtered resources.
2023-09-27 10:29:23,857 [Worker-75: Building] INFO  o.e.m.c.i.embedder.EclipseLogger - Copying 0 resource
2023-09-27 10:29:41,340 [Worker-81: Building] INFO  o.e.m.c.i.embedder.EclipseLogger - Using 'UTF-8' encoding to copy filtered resources.
2023-09-27 10:29:41,341 [Worker-81: Building] INFO  o.e.m.c.i.embedder.EclipseLogger - Copying 0 resource
2023-09-27 10:29:41,343 [Worker-81: Building] INFO  o.e.m.c.i.embedder.EclipseLogger - Using 'UTF-8' encoding to copy filtered resources.
2023-09-27 10:29:41,344 [Worker-81: Building] INFO  o.e.m.c.i.embedder.EclipseLogger - Copying 0 resource
2023-09-27 10:33:37,563 [Worker-82: Building] INFO  o.e.m.c.i.embedder.EclipseLogger - Using 'UTF-8' encoding to copy filtered resources.
2023-09-27 10:33:37,564 [Worker-82: Building] INFO  o.e.m.c.i.embedder.EclipseLogger - Copying 0 resource
2023-09-27 10:33:37,567 [Worker-82: Building] INFO  o.e.m.c.i.embedder.EclipseLogger - Using 'UTF-8' encoding to copy filtered resources.
2023-09-27 10:33:37,567 [Worker-82: Building] INFO  o.e.m.c.i.embedder.EclipseLogger - Copying 0 resource
2023-09-27 10:40:00,620 [Worker-84: Building] INFO  o.e.m.c.i.embedder.EclipseLogger - Using 'UTF-8' encoding to copy filtered resources.
2023-09-27 10:40:00,621 [Worker-84: Building] INFO  o.e.m.c.i.embedder.EclipseLogger - Copying 0 resource
2023-09-27 10:40:00,623 [Worker-84: Building] INFO  o.e.m.c.i.embedder.EclipseLogger - Using 'UTF-8' encoding to copy filtered resources.
2023-09-27 10:40:00,624 [Worker-84: Building] INFO  o.e.m.c.i.embedder.EclipseLogger - Copying 0 resource
2023-09-27 10:41:37,025 [Worker-90: Building] INFO  o.e.m.c.i.embedder.EclipseLogger - Using 'UTF-8' encoding to copy filtered resources.
2023-09-27 10:41:37,026 [Worker-90: Building] INFO  o.e.m.c.i.embedder.EclipseLogger - Copying 0 resource
2023-09-27 10:41:37,029 [Worker-90: Building] INFO  o.e.m.c.i.embedder.EclipseLogger - Using 'UTF-8' encoding to copy filtered resources.
2023-09-27 10:41:37,029 [Worker-90: Building] INFO  o.e.m.c.i.embedder.EclipseLogger - Copying 0 resource
2023-09-27 10:41:44,653 [Worker-84: Building] INFO  o.e.m.c.i.embedder.EclipseLogger - Using 'UTF-8' encoding to copy filtered resources.
2023-09-27 10:41:44,654 [Worker-84: Building] INFO  o.e.m.c.i.embedder.EclipseLogger - Copying 0 resource
2023-09-27 10:41:44,656 [Worker-84: Building] INFO  o.e.m.c.i.embedder.EclipseLogger - Using 'UTF-8' encoding to copy filtered resources.
2023-09-27 10:41:44,657 [Worker-84: Building] INFO  o.e.m.c.i.embedder.EclipseLogger - Copying 0 resource
2023-09-27 10:42:51,103 [Worker-89: Building] INFO  o.e.m.c.i.embedder.EclipseLogger - Using 'UTF-8' encoding to copy filtered resources.
2023-09-27 10:42:51,103 [Worker-89: Building] INFO  o.e.m.c.i.embedder.EclipseLogger - Copying 0 resource
2023-09-27 10:42:51,106 [Worker-89: Building] INFO  o.e.m.c.i.embedder.EclipseLogger - Using 'UTF-8' encoding to copy filtered resources.
2023-09-27 10:42:51,106 [Worker-89: Building] INFO  o.e.m.c.i.embedder.EclipseLogger - Copying 0 resource
2023-09-27 10:43:13,798 [Worker-94: Building] INFO  o.e.m.c.i.embedder.EclipseLogger - Using 'UTF-8' encoding to copy filtered resources.
2023-09-27 10:43:13,799 [Worker-94: Building] INFO  o.e.m.c.i.embedder.EclipseLogger - Copying 0 resource
2023-09-27 10:43:13,800 [Worker-94: Building] INFO  o.e.m.c.i.embedder.EclipseLogger - Using 'UTF-8' encoding to copy filtered resources.
2023-09-27 10:43:13,801 [Worker-94: Building] INFO  o.e.m.c.i.embedder.EclipseLogger - Copying 0 resource
2023-09-27 10:43:18,192 [Worker-94: Building] INFO  o.e.m.c.i.embedder.EclipseLogger - Using 'UTF-8' encoding to copy filtered resources.
2023-09-27 10:43:18,193 [Worker-94: Building] INFO  o.e.m.c.i.embedder.EclipseLogger - Copying 0 resource
2023-09-27 10:43:18,194 [Worker-94: Building] INFO  o.e.m.c.i.embedder.EclipseLogger - Using 'UTF-8' encoding to copy filtered resources.
2023-09-27 10:43:18,195 [Worker-94: Building] INFO  o.e.m.c.i.embedder.EclipseLogger - Copying 0 resource
2023-09-27 10:43:29,845 [Worker-94: Building] INFO  o.e.m.c.i.embedder.EclipseLogger - Using 'UTF-8' encoding to copy filtered resources.
2023-09-27 10:43:29,846 [Worker-94: Building] INFO  o.e.m.c.i.embedder.EclipseLogger - Copying 0 resource
2023-09-27 10:43:29,848 [Worker-94: Building] INFO  o.e.m.c.i.embedder.EclipseLogger - Using 'UTF-8' encoding to copy filtered resources.
2023-09-27 10:43:29,849 [Worker-94: Building] INFO  o.e.m.c.i.embedder.EclipseLogger - Copying 0 resource
2023-09-27 10:43:50,340 [Worker-90: Building] INFO  o.e.m.c.i.embedder.EclipseLogger - Using 'UTF-8' encoding to copy filtered resources.
2023-09-27 10:43:50,341 [Worker-90: Building] INFO  o.e.m.c.i.embedder.EclipseLogger - Copying 0 resource
2023-09-27 10:43:50,343 [Worker-90: Building] INFO  o.e.m.c.i.embedder.EclipseLogger - Using 'UTF-8' encoding to copy filtered resources.
2023-09-27 10:43:50,343 [Worker-90: Building] INFO  o.e.m.c.i.embedder.EclipseLogger - Copying 0 resource
